Warning detected by hpeesofsim in LinearCollapse '_2_' during analysis.
    LinearCollapse is disabled since there is 'HB'analysis present.
Warning detected by hpeesofsim in topology check during circuit set up.
    Number of nodes with only one device attached (topology corrected): 3
    Number of nodes with no DC path to ground (topology corrected): 1


SP SP1[1] <CGH40025F_lib:Amop_LT:schematic>   freq=(500 MHz->1 GHz)
...................................................

HB HB1[1] <CGH40025F_lib:Amop_LT:schematic>   Pin=(0->30)
    Number of tones:   1.
    Number of frequencies:   6.
    Number of time samples:  16.
    Number of HB equations (problem size): 737.
    Auto mode: on.
    Convergence mode: Auto.
    Linear solver: direct.
    Pin=0              0.00% 1/31
------------------------------------------------------------------------------
Newton solver:					
Iter	KCL residual	Damp %	Sol update
------------------------------------------------------------------------------
0.0*	1.5913 A    	100.0             
1.0 	2.74153 mA  	100.0             
1.1 	11.5936 uA  	100.0	3.58581 uV   
    Pin=1              3.33% 2/31
0.0 	22.524 mA   	100.0             
0.1 	2.7885 mA   	100.0             
0.2 	16.7049 uA  	100.0             
0.3 	330.396 nA  	100.0             

    Pin=2              6.67% 3/31
0.0 	28.6101 mA  	100.0             
0.1 	3.53778 mA  	100.0             
0.2 	25.4927 uA  	100.0             
0.3 	575.51 nA   	100.0             

    Pin=3             10.00% 4/31
0.0 	36.3599 mA  	100.0             
0.1 	4.48655 mA  	100.0             
0.2 	38.6594 uA  	100.0             
0.3 	1.00275 uA  	100.0             

    Pin=4             13.33% 5/31
0.0 	46.2445 mA  	100.0             
0.1 	5.70152 mA  	100.0             
0.2 	58.3322 uA  	100.0             
0.3 	1.76102 uA  	100.0             

    Pin=5             16.67% 6/31
0.0 	58.8441 mA  	100.0             
0.1 	7.42192 mA  	100.0             
0.2 	87.1227 uA  	100.0             
0.3 	3.14902 uA  	100.0             

    Pin=6             20.00% 7/31
0.0 	74.8461 mA  	100.0             
0.1 	9.84942 mA  	100.0             
0.2 	136.516 uA  	100.0             
0.3 	5.65382 uA  	100.0             

    Pin=7             23.33% 8/31
0.0 	95.6001 mA  	100.0             
0.1 	13.1207 mA  	100.0             
0.2 	215.674 uA  	100.0             
0.3 	10.0277 uA  	100.0             

    Pin=8             26.67% 9/31
0.0 	124.482 mA  	100.0             
0.1 	17.5032 mA  	100.0             
0.2 	335.798 uA  	100.0             
0.3 	17.4366 uA  	100.0             

    Pin=9             30.00% 10/31
0.0 	164.718 mA  	100.0             
0.1 	23.2805 mA  	100.0             
0.2 	504.407 uA  	100.0             
0.3 	29.5225 uA  	100.0             

    Pin=10            33.33% 11/31
0.0 	217.767 mA  	100.0             
0.1 	30.7598 mA  	100.0             
0.2 	709.007 uA  	100.0             
0.3 	48.4461 uA  	100.0             

    Pin=11            36.67% 12/31
0.0 	286.478 mA  	100.0             
0.1 	40.2896 mA  	100.0             
0.2 	894.188 uA  	100.0             
0.3 	76.3955 uA  	100.0             
0.4 	2.43673 uA  	100.0             

    Pin=12            40.00% 13/31
0.0 	375.658 mA  	100.0             
0.1 	51.4862 mA  	100.0             
0.2 	790.819 uA  	100.0             
0.3 	104.971 uA  	100.0             
0.4 	5.65344 uA  	100.0             

    Pin=13            43.33% 14/31
0.0 	505.664 mA  	100.0             
0.1 	67.5131 mA  	100.0             
0.2 	2.24129 mA  	100.0             
0.3 	129.144 uA  	100.0             
0.4 	18.4278 uA  	100.0             

    Pin=14            46.67% 15/31
0.0 	795.101 mA  	100.0             
0.1 	249.441 mA  	100.0             
0.2 	24.7176 mA  	100.0             
0.3 	6.22927 mA  	100.0             
0.4 	1.70799 mA  	100.0             
0.5 	377.29 uA   	100.0             
0.6 	105.222 uA  	100.0             
0.7 	26.8315 uA  	100.0             
0.8 	6.99081 uA  	100.0             

    Pin=15            50.00% 16/31
0.0 	1.81894 A   	100.0             
0.1 	1.75409 A   	100.0             
0.2*	464.215 mA  	100.0             
1.0 	2.63625 mA  	100.0             
1.1 	211.439 uA  	100.0             
1.2 	17.2557 uA  	100.0             
1.3 	1.40264 uA  	100.0	10.153 uV    

    Pin=16            53.33% 17/31
0.0 	4.01581 A   	100.0             
0.1 	2.48857 A   	100.0             
0.2*	1.43602 A   	100.0             
1.0 	90.9314 mA  	100.0             
1.1 	26.2417 mA  	100.0             
1.2 	8.5587 mA   	100.0             
1.3 	2.8551 mA   	100.0             
1.4 	962.165 uA  	100.0             
1.5 	325.318 uA  	100.0             
1.6 	110.108 uA  	100.0             
1.7 	37.2793 uA  	100.0             
1.8 	12.6228 uA  	100.0             
1.9 	4.27418 uA  	100.0	20.0459 uV   

    Pin=17            56.67% 18/31
0.0 	2.005 A     	100.0             
0.1 	514.791 mA  	100.0             
0.2 	489.336 mA  	100.0             
0.3*	312.501 mA  	100.0             
1.0 	5.30802 mA  	100.0             
1.1 	287.922 uA  	100.0             
1.2 	16.6174 uA  	100.0             
1.3 	983.583 nA  	100.0	6.74209 uV   

    Pin=18            60.00% 19/31
0.0 	1.3043 A    	100.0             
0.1 	437.918 mA  	100.0             
0.2 	348.972 mA  	100.0             
0.3*	257.842 mA  	100.0             
1.0 	6.51995 mA  	100.0             
1.1 	510.393 uA  	100.0             
1.2 	46.7345 uA  	100.0             
1.3 	4.56449 uA  	100.0	23.2263 uV   

    Pin=19            63.33% 20/31
0.0 	2.12458 A   	100.0             
0.1 	145.27 mA   	100.0             
0.2 	104.597 mA  	100.0             
0.3 	56.8514 mA  	100.0             
0.4 	29.5029 mA  	100.0             
0.5 	15.6734 mA  	100.0             
0.6 	8.24517 mA  	100.0             
0.7 	4.36346 mA  	100.0             
0.8 	2.30282 mA  	100.0             
0.9 	1.21731 mA  	100.0             
0.10 	642.974 uA  	100.0             
0.11 	339.768 uA  	100.0             
0.12 	179.503 uA  	100.0             
0.13 	94.8452 uA  	100.0             
0.14 	50.1108 uA  	100.0             
0.15 	26.4766 uA  	100.0             
0.16 	13.9889 uA  	100.0             

    Pin=20            66.67% 21/31
0.0 	130.53 mA   	100.0             
0.1 	42.3419 mA  	100.0             
0.2 	14.4229 mA  	100.0             
0.3 	5.68216 mA  	100.0             
0.4 	2.24286 mA  	100.0             
0.5 	890.633 uA  	100.0             
0.6 	353.446 uA  	100.0             
0.7 	140.433 uA  	100.0             
0.8 	55.7929 uA  	100.0             
0.9 	22.1709 uA  	100.0             
0.10 	8.81015 uA  	100.0             

    Pin=21            70.00% 22/31
0.0 	65.27 mA    	100.0             
0.1 	23.8072 mA  	100.0             
0.2 	6.77723 mA  	100.0             
0.3 	2.32464 mA  	100.0             
0.4 	799.458 uA  	100.0             
0.5 	276.211 uA  	100.0             
0.6 	95.293 uA   	100.0             
0.7 	32.9013 uA  	100.0             
0.8 	11.3572 uA  	100.0             
0.9 	3.9208 uA   	100.0             

    Pin=22            73.33% 23/31
0.0 	34.8605 mA  	100.0             
0.1 	17.4369 mA  	100.0             
0.2 	3.88547 mA  	100.0             
0.3 	1.20791 mA  	100.0             
0.4 	387.494 uA  	100.0             
0.5 	123.135 uA  	100.0             
0.6 	39.2351 uA  	100.0             
0.7 	12.4896 uA  	100.0             
0.8 	3.97669 uA  	100.0             

    Pin=23            76.67% 24/31
0.0 	62.0106 mA  	100.0             
0.1 	21.8216 mA  	100.0             
0.2 	3.80676 mA  	100.0             
0.3 	1.10309 mA  	100.0             
0.4 	332.669 uA  	100.0             
0.5 	99.0723 uA  	100.0             
0.6 	29.5221 uA  	100.0             
0.7 	8.78916 uA  	100.0             
0.8 	2.61675 uA  	100.0             

    Pin=24            80.00% 25/31
0.0 	147.58 mA   	100.0             
0.1 	43.4542 mA  	100.0             
0.2 	9.82038 mA  	100.0             
0.3 	2.32263 mA  	100.0             
0.4 	746.422 uA  	100.0             
0.5 	223.677 uA  	100.0             
0.6 	67.5362 uA  	100.0             
0.7 	20.3826 uA  	100.0             
0.8 	6.15489 uA  	100.0             

    Pin=25            83.33% 26/31
0.0 	368.014 mA  	100.0             
0.1 	47.0174 mA  	100.0             
0.2 	13.01 mA    	100.0             
0.3 	1.17898 mA  	100.0             
0.4 	467.779 uA  	100.0             
0.5 	88.9464 uA  	100.0             
0.6 	24.7857 uA  	100.0             

    Pin=26            86.67% 27/31
0.0 	775.865 mA  	100.0             
0.1 	110.867 mA  	100.0             
0.2 	28.8717 mA  	100.0             
0.3 	1.7725 mA   	100.0             
0.4 	849.545 uA  	100.0             
0.5 	65.6695 uA  	100.0             
0.6 	30.1642 uA  	100.0             

    Pin=27            90.00% 28/31
0.0 	153.936 mA  	100.0             
0.1 	7.29371 mA  	100.0             
0.2 	4.15762 mA  	100.0             
0.3 	1.05117 mA  	100.0             
0.4 	258.437 uA  	100.0             
0.5 	61.4252 uA  	100.0             
0.6 	13.8807 uA  	100.0             

    Pin=28            93.33% 29/31
0.0 	153.312 mA  	100.0             
0.1 	15.0554 mA  	100.0             
0.2 	979.62 uA   	100.0             
0.3 	421.481 uA  	100.0             
0.4 	137.468 uA  	100.0             
0.5 	40.0439 uA  	100.0             
0.6 	10.8466 uA  	100.0             

    Pin=29            96.67% 30/31
0.0 	149.728 mA  	100.0             
0.1 	39.3846 mA  	100.0             
0.2 	3.03383 mA  	100.0             
0.3 	617.202 uA  	100.0             
0.4 	126.53 uA   	100.0             
0.5 	27.1035 uA  	100.0             

    Pin=30           100.00% 31/31
0.0 	158.102 mA  	100.0             
0.1 	38.2598 mA  	100.0             
0.2 	3.18422 mA  	100.0             
0.3 	858.855 uA  	100.0             
0.4 	191.007 uA  	100.0             
0.5 	50.2493 uA  	100.0             
0.6 	13.1085 uA  	100.0             
0.7 	3.53644 uA  	100.0             

An HB truncation error may be present.
o The HB truncation error is due to using a finite order 
  (number of harmonics) in the representation of the
  circuit signals.

Waveform                Trunc error             Tolerance
---------------------------------------------------------
X1._net458              1.558e-01       >       1.425e-05
X1.X2._net502           1.558e-01       >       1.425e-05
X1.X2._net642           1.001e-02       >       3.218e-06
X1.X2._net628           1.001e-02       >       3.219e-06
X1.X2._net660           1.001e-02       >       3.219e-06

o Number of waveforms violating the HB truncation error check:
        9 out of 11 waveforms.
o Estimated max HB truncation error: 1.558e-01 @ waveform X1._net458 .
o The maximal HB truncation error estimate is greater than the 
  achieved tolerance of 1.425e-05 for this waveform.
o A time-domain plot of the X1._net452 waveform may show the error as 
  Gibbs ripples.
o To reduce the error, increase the order (number of harmonics) 
  and re-simulate.

Resource usage:
  Total stopwatch time     =     2.73 seconds.

