Warning detected by hpeesofsim in LinearCollapse '_2_' during analysis.
    LinearCollapse is disabled since there is 'HB'analysis present.
Warning detected by hpeesofsim in topology check during circuit set up.
    Number of nodes with only one device attached (topology corrected): 1
    Number of nodes with no DC path to ground (topology corrected): 1


SP SP1[1] <CGH40025F_lib:aomp2:schematic>   freq=(500 MHz->1 GHz)
...................................................

HB HB1[1] <CGH40025F_lib:aomp2:schematic>   Pin=(0->30)
    Number of tones:   1.
    Number of frequencies:   6.
    Number of time samples:  16.
    Number of HB equations (problem size): 583.
    Auto mode: on.
    Convergence mode: Auto.
    Linear solver: direct.
    Pin=0              0.00% 1/31
------------------------------------------------------------------------------
Newton solver:					
Iter	KCL residual	Damp %	Sol update
------------------------------------------------------------------------------
0.0*	1.56731 A   	100.0             
1.0 	2.81459 mA  	100.0             
1.1 	11.4432 uA  	100.0             
1.2 	58.7934 nA  	100.0	22.8217 nV   
    Pin=1              3.33% 2/31
0.0 	21.1717 mA  	100.0             
0.1 	2.65955 mA  	100.0             
0.2 	15.3769 uA  	100.0             
0.3 	154.79 nA   	100.0             

    Pin=2              6.67% 3/31
0.0 	26.7713 mA  	100.0             
0.1 	3.36448 mA  	100.0             
0.2 	22.2476 uA  	100.0             
0.3 	256.151 nA  	100.0             

    Pin=3             10.00% 4/31
0.0 	33.8808 mA  	100.0             
0.1 	4.25408 mA  	100.0             
0.2 	32.0993 uA  	100.0             
0.3 	428.35 nA   	100.0             

    Pin=4             13.33% 5/31
0.0 	42.8975 mA  	100.0             
0.1 	5.38174 mA  	100.0             
0.2 	46.5355 uA  	100.0             
0.3 	712.916 nA  	100.0             

    Pin=5             16.67% 6/31
0.0 	54.355 mA   	100.0             
0.1 	6.82808 mA  	100.0             
0.2 	68.7832 uA  	100.0             
0.3 	1.19189 uA  	100.0             

    Pin=6             20.00% 7/31
0.0 	68.9236 mA  	100.0             
0.1 	8.82268 mA  	100.0             
0.2 	102.191 uA  	100.0             
0.3 	2.05071 uA  	100.0             

    Pin=7             23.33% 8/31
0.0 	87.4399 mA  	100.0             
0.1 	11.4369 mA  	100.0             
0.2 	150.796 uA  	100.0             
0.3 	3.53625 uA  	100.0             

    Pin=8             26.67% 9/31
0.0 	111.084 mA  	100.0             
0.1 	14.9133 mA  	100.0             
0.2 	218.355 uA  	100.0             
0.3 	6.1763 uA   	100.0             

    Pin=9             30.00% 10/31
0.0 	142.911 mA  	100.0             
0.1 	19.6906 mA  	100.0             
0.2 	319.584 uA  	100.0             
0.3 	10.8707 uA  	100.0             

    Pin=10            33.33% 11/31
0.0 	185.451 mA  	100.0             
0.1 	26.6225 mA  	100.0             
0.2 	604.003 uA  	100.0             
0.3 	19.9368 uA  	100.0             

    Pin=11            36.67% 12/31
0.0 	242.661 mA  	100.0             
0.1 	40.332 mA   	100.0             
0.2 	1.88495 mA  	100.0             
0.3 	52.2554 uA  	100.0             
0.4 	3.54513 uA  	100.0             

    Pin=12            40.00% 13/31
0.0 	327.634 mA  	100.0             
0.1 	74.3879 mA  	100.0             
0.2 	6.84252 mA  	100.0             
0.3 	387.5 uA    	100.0             
0.4 	26.0661 uA  	100.0             

    Pin=13            43.33% 14/31
0.0 	464.462 mA  	100.0             
0.1 	133.445 mA  	100.0             
0.2 	18.1147 mA  	100.0             
0.3 	1.53027 mA  	100.0             
0.4 	170.149 uA  	100.0             
0.5 	30.7954 uA  	100.0             
0.6 	5.48202 uA  	100.0             

    Pin=14            46.67% 15/31
0.0 	835.402 mA  	100.0             
0.1 	602.478 mA  	100.0             
0.2*	296.779 mA  	100.0             
1.0 	1.10127 mA  	100.0             
1.1 	7.30409 uA  	100.0	4.03851 uV   

    Pin=15            50.00% 16/31
0.0 	4.55644 A   	100.0             
0.1 	3.20771 A   	100.0             
0.2*	1.62212 A   	100.0             
1.0 	75.9681 mA  	100.0             
1.1 	5.46764 mA  	100.0             
1.2 	343.225 uA  	100.0             
1.3 	21.7785 uA  	100.0	9.71817 uV   

    Pin=16            53.33% 17/31
0.0 	7.27372 A   	100.0             
0.1 	2.29105 A   	100.0             
0.2 	2.15806 A   	100.0             
0.3*	520.926 mA  	100.0             
1.0 	4.87816 mA  	100.0             
1.1 	173.494 uA  	100.0             
1.2 	7.42067 uA  	100.0	11.1782 uV   

    Pin=17            56.67% 18/31
0.0 	2.76675 A   	100.0             
0.1 	1.37578 A   	100.0             
0.2 	1.09745 A   	100.0             
0.3*	657.562 mA  	100.0             
1.0 	12.3138 mA  	100.0             
1.1 	1.33104 mA  	100.0             
1.2 	204.284 uA  	100.0             
1.3 	31.8629 uA  	100.0             
1.4 	4.98755 uA  	100.0	22.9403 uV   

    Pin=18            60.00% 19/31
0.0 	3.72021 A   	100.0             
0.1 	678.886 mA  	100.0             
        Samanskii-Newton iteration failed
0.2*	900.137 mA  	100.0             
1.0 	7.51183 mA  	100.0             
1.1 	618.522 uA  	100.0             
1.2 	54.2625 uA  	100.0             
1.3 	5.5352 uA   	100.0	18.6164 uV   

    Pin=19            63.33% 20/31
0.0 	470.272 mA  	100.0             
0.1 	225.748 mA  	100.0             
0.2 	106.094 mA  	100.0             
0.3 	58.2049 mA  	100.0             
0.4 	31.632 mA   	100.0             
0.5 	17.4225 mA  	100.0             
0.6 	9.58832 mA  	100.0             
0.7 	5.29156 mA  	100.0             
0.8 	2.91977 mA  	100.0             
0.9 	1.61222 mA  	100.0             
0.10 	890.157 uA  	100.0             
0.11 	491.579 uA  	100.0             
0.12 	271.46 uA   	100.0             
0.13 	149.914 uA  	100.0             
0.14 	82.7892 uA  	100.0             
0.15 	45.7205 uA  	100.0             
0.16 	25.2492 uA  	100.0             
0.17*	13.9439 uA  	100.0             

    Pin=20            66.67% 21/31
0.0 	214.541 mA  	100.0             
0.1 	106.411 mA  	100.0             
0.2 	37.4173 mA  	100.0             
0.3 	16.9321 mA  	100.0             
0.4 	7.26916 mA  	100.0             
0.5 	3.2135 mA   	100.0             
0.6 	1.41046 mA  	100.0             
0.7 	621.884 uA  	100.0             
0.8 	274.029 uA  	100.0             
0.9 	120.866 uA  	100.0             
0.10 	53.3143 uA  	100.0             
0.11 	23.5232 uA  	100.0             
0.12 	10.3797 uA  	100.0             
0.13 	4.58043 uA  	100.0             

    Pin=21            70.00% 22/31
0.0 	169.174 mA  	100.0             
0.1 	40.7116 mA  	100.0             
0.2 	15.0471 mA  	100.0             
0.3 	5.66431 mA  	100.0             
0.4 	2.00945 mA  	100.0             
0.5 	780.288 uA  	100.0             
0.6 	293.084 uA  	100.0             
0.7 	111.254 uA  	100.0             
0.8 	42.1191 uA  	100.0             
0.9 	15.9599 uA  	100.0             
0.10 	6.04617 uA  	100.0             

    Pin=22            73.33% 23/31
0.0 	42.4668 mA  	100.0             
0.1 	50.5892 mA  	100.0             
0.2*	16.7251 mA  	100.0             
1.0 	106.961 uA  	100.0             
1.1 	423.718 nA  	100.0	928.712 nV   

    Pin=23            76.67% 24/31
0.0 	154.594 mA  	100.0             
0.1 	104.257 mA  	100.0             
0.2 	26.0282 mA  	100.0             
0.3 	8.98559 mA  	100.0             
0.4 	3.0142 mA   	100.0             
0.5 	1.06389 mA  	100.0             
0.6 	372.678 uA  	100.0             
0.7 	131.28 uA   	100.0             
0.8 	46.1982 uA  	100.0             
0.9 	16.2701 uA  	100.0             

    Pin=24            80.00% 25/31
0.0 	714.851 mA  	100.0             
0.1 	521.862 mA  	100.0             
0.2*	85.0639 mA  	100.0             
1.0 	819.608 uA  	100.0             
1.1 	6.37979 uA  	100.0	2.68731 uV   

    Pin=25            83.33% 26/31
0.0 	3.23659 A   	100.0             
0.1 	1.04763 A   	100.0             
0.2 	293.499 mA  	100.0             
0.3 	90.7751 mA  	100.0             
0.4 	20.8602 mA  	100.0             
0.5 	6.99429 mA  	100.0             
0.6 	1.37604 mA  	100.0             
0.7 	560.01 uA   	100.0             
0.8 	72.6346 uA  	100.0             
0.9 	52.2223 uA  	100.0             

    Pin=26            86.67% 27/31
0.0 	485.127 mA  	100.0             
0.1 	110.729 mA  	100.0             
0.2 	81.7852 mA  	100.0             
0.3 	47.9038 mA  	100.0             
0.4 	31.8071 mA  	100.0             
0.5 	19.9149 mA  	100.0             
0.6 	12.9504 mA  	100.0             
0.7 	8.19798 mA  	100.0             
0.8 	5.26946 mA  	100.0             
0.9 	3.35193 mA  	100.0             
0.10 	2.14608 mA  	100.0             
0.11 	1.36834 mA  	100.0             
0.12 	874.795 uA  	100.0             
0.13 	558.32 uA   	100.0             
0.14 	356.725 uA  	100.0             
0.15 	227.763 uA  	100.0             
0.16 	145.488 uA  	100.0             
0.17*	92.9065 uA  	100.0             
1.0 	1.80872 nA  	100.0	6.28925 nV   

    Pin=27            90.00% 28/31
0.0 	446.907 mA  	100.0             
0.1 	51.5303 mA  	100.0             
0.2 	31.5354 mA  	100.0             
0.3 	13.2469 mA  	100.0             
0.4 	6.2906 mA   	100.0             
0.5 	2.93938 mA  	100.0             
0.6 	1.43277 mA  	100.0             
0.7 	692.728 uA  	100.0             
0.8 	336.93 uA   	100.0             
0.9 	163.182 uA  	100.0             
0.10 	79.0505 uA  	100.0             
0.11 	38.2413 uA  	100.0             
0.12 	18.4995 uA  	100.0             
0.13 	8.94682 uA  	100.0             

    Pin=28            93.33% 29/31
0.0 	468.029 mA  	100.0             
0.1 	39.4468 mA  	100.0             
0.2 	13.2561 mA  	100.0             
0.3 	5.04568 mA  	100.0             
0.4 	1.47192 mA  	100.0             
0.5 	432.314 uA  	100.0             
0.6 	123.261 uA  	100.0             
0.7 	36.8407 uA  	100.0             
0.8 	11.2018 uA  	100.0             

    Pin=29            96.67% 30/31
0.0 	542.43 mA   	100.0             
0.1 	35.6247 mA  	100.0             
0.2 	10.9341 mA  	100.0             
0.3 	4.60931 mA  	100.0             
0.4 	1.32612 mA  	100.0             
0.5 	399.071 uA  	100.0             
0.6 	89.1291 uA  	100.0             
0.7 	20.7828 uA  	100.0             

    Pin=30           100.00% 31/31
0.0 	1.11586 A   	100.0             
0.1 	430.211 mA  	100.0             
0.2 	411.899 mA  	100.0             
0.3*	292.726 mA  	100.0             
1.0 	4.8189 mA   	100.0             
1.1 	194.185 uA  	100.0             
1.2 	8.03892 uA  	100.0	7.72835 uV   

An HB truncation error may be present.
o The HB truncation error is due to using a finite order 
  (number of harmonics) in the representation of the
  circuit signals.

Waveform                Trunc error             Tolerance
---------------------------------------------------------
X1._net458              3.129e-01       >       1.650e-05
X1.X2._net502           3.129e-01       >       1.650e-05
X1.X2._net642           9.161e-03       >       3.884e-06
X1.X2._net628           9.147e-03       >       3.884e-06
X1.X2._net660           9.147e-03       >       3.884e-06

o Number of waveforms violating the HB truncation error check:
        9 out of 11 waveforms.
o Estimated max HB truncation error: 3.129e-01 @ waveform X1._net458 .
o The maximal HB truncation error estimate is greater than the 
  achieved tolerance of 1.650e-05 for this waveform.
o A time-domain plot of the N__10 waveform may show the error as 
  Gibbs ripples.
o To reduce the error, increase the order (number of harmonics) 
  and re-simulate.

Resource usage:
  Total stopwatch time     =     2.36 seconds.

